<?xml version="1.0" encoding="UTF-8"?>
<testsuite xmlns:xsi="http://www.w3.org/2001/XMLSchema-instance" xsi:noNamespaceSchemaLocation="https://maven.apache.org/surefire/maven-surefire-plugin/xsd/surefire-test-report.xsd" name="uk.co.zenitech.MockTest" time="0.795" tests="3" errors="0" skipped="0" failures="0">
  <properties>
[...]
</properties>
  <testcase name="givenMockedRepositoryMethod_whenSavingAndFindingArtist_thenReturnOk" classname="uk.co.zenitech.MockTest" time="0.764"/>
  <testcase name="givenDummyRepository_whenSavingAndFindingArtist_thenNull" classname="uk.co.zenitech.MockTest" time="0.005"/>
  <testcase name="givenMockedRepositoryMethod_whenFindingArtist_thenReturnOk" classname="uk.co.zenitech.MockTest" time="0.019"/>
</testsuite>