<?xml version="1.0" encoding="UTF-8"?>
<testsuite xmlns:xsi="http://www.w3.org/2001/XMLSchema-instance" xsi:noNamespaceSchemaLocation="https://maven.apache.org/surefire/maven-surefire-plugin/xsd/surefire-test-report.xsd" name="uk.co.zenitech.PropertyTest" time="1.49" tests="2" errors="0" skipped="0" failures="0">
  <properties>
[...]
</properties>
  <testcase name="givenArbitrarySeq_whenCheckThatEveryFifthElementIsEqualToString_thenTestPass" classname="uk.co.zenitech.PropertyTest" time="1.36"/>
  <testcase name="givenArbitrarySeq_whenCheckThatEverySecondElementIsEqualToString_thenTestPass" classname="uk.co.zenitech.PropertyTest" time="0.114"/>
</testsuite>